<?xml version="1.0" encoding="UTF-8"?>
<testng-results skipped="0" failed="0" ignored="0" total="2" passed="2">
  <reporter-output>
  </reporter-output>
  <suite name="intnetbanking_project" duration-ms="74285" started-at="2020-08-30T14:21:02Z" finished-at="2020-08-30T14:22:16Z">
    <groups>
    </groups>
    <test name="Test1" duration-ms="74285" started-at="2020-08-30T14:21:02Z" finished-at="2020-08-30T14:22:16Z">
      <class name="com.intnetbanking.testcases.TC_AddCustomer_003">
        <test-method status="PASS" signature="Setup(java.lang.String)[pri:0, instance:com.intnetbanking.testcases.TC_AddCustomer_003@2d6e8792]" name="Setup" is-config="true" duration-ms="8721" started-at="2020-08-30T14:21:49Z" finished-at="2020-08-30T14:21:57Z">
          <params>
            <param index="0">
              <value>
                <![CDATA[chrome]]>
              </value>
            </param>
          </params>
          <reporter-output>
          </reporter-output>
        </test-method> <!-- Setup -->
        <test-method status="PASS" signature="AddCustomer()[pri:0, instance:com.intnetbanking.testcases.TC_AddCustomer_003@2d6e8792]" name="AddCustomer" duration-ms="17914" started-at="2020-08-30T14:21:57Z" finished-at="2020-08-30T14:22:15Z">
          <reporter-output>
          </reporter-output>
        </test-method> <!-- AddCustomer -->
        <test-method status="PASS" signature="teardown()[pri:0, instance:com.intnetbanking.testcases.TC_AddCustomer_003@2d6e8792]" name="teardown" is-config="true" duration-ms="632" started-at="2020-08-30T14:22:15Z" finished-at="2020-08-30T14:22:16Z">
          <reporter-output>
          </reporter-output>
        </test-method> <!-- teardown -->
      </class> <!-- com.intnetbanking.testcases.TC_AddCustomer_003 -->
      <class name="com.intnetbanking.testcases.TC_logintest_001">
        <test-method status="PASS" signature="Setup(java.lang.String)[pri:0, instance:com.intnetbanking.testcases.TC_logintest_001@17f6480]" name="Setup" is-config="true" duration-ms="43377" started-at="2020-08-30T14:21:02Z" finished-at="2020-08-30T14:21:45Z">
          <params>
            <param index="0">
              <value>
                <![CDATA[chrome]]>
              </value>
            </param>
          </params>
          <reporter-output>
          </reporter-output>
        </test-method> <!-- Setup -->
        <test-method status="PASS" signature="loginTest()[pri:0, instance:com.intnetbanking.testcases.TC_logintest_001@17f6480]" name="loginTest" duration-ms="2560" started-at="2020-08-30T14:21:45Z" finished-at="2020-08-30T14:21:48Z">
          <reporter-output>
          </reporter-output>
        </test-method> <!-- loginTest -->
        <test-method status="PASS" signature="teardown()[pri:0, instance:com.intnetbanking.testcases.TC_logintest_001@17f6480]" name="teardown" is-config="true" duration-ms="932" started-at="2020-08-30T14:21:48Z" finished-at="2020-08-30T14:21:49Z">
          <reporter-output>
          </reporter-output>
        </test-method> <!-- teardown -->
      </class> <!-- com.intnetbanking.testcases.TC_logintest_001 -->
    </test> <!-- Test1 -->
  </suite> <!-- intnetbanking_project -->
</testng-results>
